<?xml version="1.0" encoding="UTF-8"?>
<!-- Generated by org.testng.reporters.JUnitReportReporter -->
<testsuite hostname="Aniket" failures="0" tests="1" name="com.OpenCart.testLayer.LoginTestPage" time="10.530" errors="0" timestamp="2024-07-27T09:07:22 IST" skipped="0">
  <testcase classname="com.OpenCart.testLayer.LoginTestPage" name="VerifyLoginFunctionality" time="10.530"/>
  <system-out/>
</testsuite> <!-- com.OpenCart.testLayer.LoginTestPage -->
